[0m06:46:45.088628 [debug] [MainThread]: Sending event: {'category': 'dbt', 'action': 'invocation', 'label': 'start', 'context': [<snowplow_tracker.self_describing_json.SelfDescribingJson object at 0x727ef2e6e660>, <snowplow_tracker.self_describing_json.SelfDescribingJson object at 0x727ef2c81fa0>, <snowplow_tracker.self_describing_json.SelfDescribingJson object at 0x727ef25b1220>]}


============================== 06:46:45.096692 | 9c6246ca-c821-41de-bc58-d50f40af97ba ==============================
[0m06:46:45.096692 [info ] [MainThread]: Running with dbt=1.11.0-rc3
[0m06:46:45.097615 [debug] [MainThread]: running dbt with arguments {'indirect_selection': 'eager', 'partial_parse': 'True', 'printer_width': '80', 'static_parser': 'True', 'write_json': 'True', 'log_format': 'default', 'quiet': 'False', 'introspect': 'True', 'empty': 'None', 'target_path': 'None', 'log_path': 'logs', 'use_colors': 'True', 'warn_error': 'None', 'no_print': 'None', 'profiles_dir': '/home/thisisyogeshpatil/dbt-airflow-snowflake/dbt', 'warn_error_options': 'WarnErrorOptionsV2(error=[], warn=[], silence=[])', 'fail_fast': 'False', 'use_experimental_parser': 'False', 'invocation_command': 'dbt debug', 'cache_selected_only': 'False', 'debug': 'False', 'send_anonymous_usage_stats': 'True', 'version_check': 'True', 'log_cache_events': 'False'}
[0m06:46:45.144814 [info ] [MainThread]: dbt version: 1.11.0-rc3
[0m06:46:45.145434 [info ] [MainThread]: python version: 3.12.3
[0m06:46:45.145992 [info ] [MainThread]: python path: /home/thisisyogeshpatil/dbt-airflow-snowflake/dbt/project/.venv/bin/python3
[0m06:46:45.146472 [info ] [MainThread]: os info: Linux-6.6.87.2-microsoft-standard-WSL2-x86_64-with-glibc2.39
[0m06:46:45.857158 [debug] [MainThread]: Snowflake adapter: Setting snowflake.connector to ERROR (file logging only)
[0m06:46:45.857799 [debug] [MainThread]: Snowflake adapter: Setting botocore to ERROR (file logging only)
[0m06:46:45.858312 [debug] [MainThread]: Snowflake adapter: Setting boto3 to ERROR (file logging only)
[0m06:46:45.945125 [info ] [MainThread]: Using profiles dir at /home/thisisyogeshpatil/dbt-airflow-snowflake/dbt
[0m06:46:45.945871 [info ] [MainThread]: Using profiles.yml file at /home/thisisyogeshpatil/dbt-airflow-snowflake/dbt/profiles.yml
[0m06:46:45.946429 [info ] [MainThread]: Using dbt_project.yml file at /home/thisisyogeshpatil/dbt-airflow-snowflake/dbt_project.yml
[0m06:46:45.947826 [info ] [MainThread]: adapter type: snowflake
[0m06:46:45.948451 [info ] [MainThread]: adapter version: 1.10.4
[0m06:46:45.949058 [info ] [MainThread]: Configuration:
[0m06:46:45.949719 [info ] [MainThread]:   profiles.yml file [[32mOK found and valid[0m]
[0m06:46:45.950108 [info ] [MainThread]:   dbt_project.yml file [[31mERROR not found[0m]
[0m06:46:45.950654 [info ] [MainThread]: Required dependencies:
[0m06:46:45.951416 [debug] [MainThread]: Executing "git --help"
[0m06:46:45.955596 [debug] [MainThread]: STDOUT: "b"usage: git [-v | --version] [-h | --help] [-C <path>] [-c <name>=<value>]\n           [--exec-path[=<path>]] [--html-path] [--man-path] [--info-path]\n           [-p | --paginate | -P | --no-pager] [--no-replace-objects] [--bare]\n           [--git-dir=<path>] [--work-tree=<path>] [--namespace=<name>]\n           [--config-env=<name>=<envvar>] <command> [<args>]\n\nThese are common Git commands used in various situations:\n\nstart a working area (see also: git help tutorial)\n   clone     Clone a repository into a new directory\n   init      Create an empty Git repository or reinitialize an existing one\n\nwork on the current change (see also: git help everyday)\n   add       Add file contents to the index\n   mv        Move or rename a file, a directory, or a symlink\n   restore   Restore working tree files\n   rm        Remove files from the working tree and from the index\n\nexamine the history and state (see also: git help revisions)\n   bisect    Use binary search to find the commit that introduced a bug\n   diff      Show changes between commits, commit and working tree, etc\n   grep      Print lines matching a pattern\n   log       Show commit logs\n   show      Show various types of objects\n   status    Show the working tree status\n\ngrow, mark and tweak your common history\n   branch    List, create, or delete branches\n   commit    Record changes to the repository\n   merge     Join two or more development histories together\n   rebase    Reapply commits on top of another base tip\n   reset     Reset current HEAD to the specified state\n   switch    Switch branches\n   tag       Create, list, delete or verify a tag object signed with GPG\n\ncollaborate (see also: git help workflows)\n   fetch     Download objects and refs from another repository\n   pull      Fetch from and integrate with another repository or a local branch\n   push      Update remote refs along with associated objects\n\n'git help -a' and 'git help -g' list available subcommands and some\nconcept guides. See 'git help <command>' or 'git help <concept>'\nto read about a specific subcommand or concept.\nSee 'git help git' for an overview of the system.\n""
[0m06:46:45.956218 [debug] [MainThread]: STDERR: "b''"
[0m06:46:45.956758 [info ] [MainThread]:  - git [[32mOK found[0m]

[0m06:46:45.957244 [info ] [MainThread]: Connection:
[0m06:46:45.958116 [info ] [MainThread]:   account: LAXRLDI-HM88453
[0m06:46:45.958823 [info ] [MainThread]:   user: THISISYOGESHPATIL
[0m06:46:45.959422 [info ] [MainThread]:   database: NETFLIX_DB
[0m06:46:45.959937 [info ] [MainThread]:   warehouse: WH_TRANSFORM
[0m06:46:45.960456 [info ] [MainThread]:   role: ROLE_DBT
[0m06:46:45.960880 [info ] [MainThread]:   schema: STAGING
[0m06:46:45.961227 [info ] [MainThread]:   authenticator: None
[0m06:46:45.961560 [info ] [MainThread]:   oauth_client_id: None
[0m06:46:45.961969 [info ] [MainThread]:   query_tag: None
[0m06:46:45.962390 [info ] [MainThread]:   client_session_keep_alive: False
[0m06:46:45.962757 [info ] [MainThread]:   host: None
[0m06:46:45.963168 [info ] [MainThread]:   port: None
[0m06:46:45.963676 [info ] [MainThread]:   proxy_host: None
[0m06:46:45.964132 [info ] [MainThread]:   proxy_port: None
[0m06:46:45.964662 [info ] [MainThread]:   protocol: None
[0m06:46:45.965201 [info ] [MainThread]:   connect_retries: 1
[0m06:46:45.965780 [info ] [MainThread]:   connect_timeout: None
[0m06:46:45.966309 [info ] [MainThread]:   retry_on_database_errors: False
[0m06:46:45.966775 [info ] [MainThread]:   retry_all: False
[0m06:46:45.967711 [info ] [MainThread]:   insecure_mode: False
[0m06:46:45.968285 [info ] [MainThread]:   reuse_connections: True
[0m06:46:45.969102 [info ] [MainThread]:   s3_stage_vpce_dns_name: None
[0m06:46:45.969880 [info ] [MainThread]:   platform_detection_timeout_seconds: 0.0
[0m06:46:45.970918 [info ] [MainThread]: Registered adapter: snowflake=1.10.4
[0m06:46:46.113100 [debug] [MainThread]: Acquiring new snowflake connection 'debug'
[0m06:46:46.211566 [debug] [MainThread]: Using snowflake connection "debug"
[0m06:46:46.212067 [debug] [MainThread]: On debug: select 1 as id
[0m06:46:46.212534 [debug] [MainThread]: Opening a new connection, currently in state init
[0m06:46:47.029410 [debug] [MainThread]: SQL status: SUCCESS 1 in 0.817 seconds
[0m06:46:47.032611 [info ] [MainThread]:   Connection test: [[32mOK connection ok[0m]

[0m06:46:47.033893 [info ] [MainThread]: [31m1 check failed:[0m
[0m06:46:47.034990 [info ] [MainThread]: Project loading failed for the following reason:
 project path </home/thisisyogeshpatil/dbt-airflow-snowflake/dbt_project.yml> not found

[0m06:46:47.041603 [debug] [MainThread]: Resource report: {"command_name": "debug", "command_success": false, "command_wall_clock_time": 2.019999, "process_in_blocks": "91144", "process_kernel_time": 1.175078, "process_mem_max_rss": "136572", "process_out_blocks": "32", "process_user_time": 2.317056}
[0m06:46:47.043527 [debug] [MainThread]: Command `dbt debug` failed at 06:46:47.042978 after 2.02 seconds
[0m06:46:47.045180 [debug] [MainThread]: Connection 'debug' was left open.
[0m06:46:47.046576 [debug] [MainThread]: On debug: Close
[0m06:46:47.265273 [debug] [MainThread]: Sending event: {'category': 'dbt', 'action': 'invocation', 'label': 'end', 'context': [<snowplow_tracker.self_describing_json.SelfDescribingJson object at 0x727ef0bd01d0>, <snowplow_tracker.self_describing_json.SelfDescribingJson object at 0x727ef11ca2a0>, <snowplow_tracker.self_describing_json.SelfDescribingJson object at 0x727ef2c827e0>]}
[0m06:46:47.266064 [debug] [MainThread]: Flushing usage events
[0m06:46:48.275344 [debug] [MainThread]: An error was encountered while trying to flush usage events
